# JRE version: OpenJDK Runtime Environment Temurin-21.0.6+7 (21.0.6+7) (build 21.0.6+7-LTS)
# Java VM: OpenJDK 64-Bit Server VM Temurin-21.0.6+7 (21.0.6+7-LTS, mixed mode, sharing, tiered, compressed oops, compressed class ptrs, parallel gc, windows-amd64)
GC Precious Log:
 CardTable entry size: 512
 CPUs: 8 total, 8 available
 Memory: 7549M
 Large Page Support: Disabled
 NUMA Support: Disabled
 Compressed Oops: Enabled (32-bit)
 Alignments: Space 512K, Generation 512K, Heap 2M
 Heap Min Capacity: 100M
 Heap Initial Capacity: 100M
 Heap Max Capacity: 1G
 Pre-touch: Disabled
 Parallel Workers: 8
Heap:
 PSYoungGen      total 24064K, used 18779K [0x00000000eab00000, 0x00000000ec800000, 0x0000000100000000)
  eden space 22528K, 76% used [0x00000000eab00000,0x00000000ebbdb2b0,0x00000000ec100000)
  from space 1536K, 98% used [0x00000000ec580000,0x00000000ec6fba40,0x00000000ec700000)
  to   space 1024K, 0% used [0x00000000ec700000,0x00000000ec700000,0x00000000ec800000)
 ParOldGen       total 68608K, used 16015K [0x00000000c0000000, 0x00000000c4300000, 0x00000000eab00000)
  object space 68608K, 23% used [0x00000000c0000000,0x00000000c0fa3da8,0x00000000c4300000)
 Metaspace       used 32747K, committed 33792K, reserved 1114112K
  class space    used 3271K, committed 3712K, reserved 1048576K
GC Heap History (20 events):
Event: 6.512 GC heap before
{Heap before GC invocations=3 (full 0):
 PSYoungGen      total 29696K, used 29668K [0x00000000eab00000, 0x00000000ecc00000, 0x0000000100000000)
  eden space 25600K, 100% used [0x00000000eab00000,0x00000000ec400000,0x00000000ec400000)
  from space 4096K, 99% used [0x00000000ec800000,0x00000000ecbf9158,0x00000000ecc00000)
  to   space 4096K, 0% used [0x00000000ec400000,0x00000000ec400000,0x00000000ec800000)
 ParOldGen       total 68608K, used 1765K [0x00000000c0000000, 0x00000000c4300000, 0x00000000eab00000)
  object space 68608K, 2% used [0x00000000c0000000,0x00000000c01b9740,0x00000000c4300000)
 Metaspace       used 9202K, committed 9536K, reserved 1114112K
  class space    used 916K, committed 1088K, reserved 1048576K
}
Event: 6.524 GC heap after
{Heap after GC invocations=3 (full 0):
 PSYoungGen      total 29696K, used 4081K [0x00000000eab00000, 0x00000000ecc00000, 0x0000000100000000)
  eden space 25600K, 0% used [0x00000000eab00000,0x00000000eab00000,0x00000000ec400000)
  from space 4096K, 99% used [0x00000000ec400000,0x00000000ec7fc4a8,0x00000000ec800000)
  to   space 4096K, 0% used [0x00000000ec800000,0x00000000ec800000,0x00000000ecc00000)
 ParOldGen       total 68608K, used 5824K [0x00000000c0000000, 0x00000000c4300000, 0x00000000eab00000)
  object space 68608K, 8% used [0x00000000c0000000,0x00000000c05b01a8,0x00000000c4300000)
 Metaspace       used 9202K, committed 9536K, reserved 1114112K
  class space    used 916K, committed 1088K, reserved 1048576K
}
Event: 8.160 GC heap before
{Heap before GC invocations=4 (full 0):
 PSYoungGen      total 29696K, used 29681K [0x00000000eab00000, 0x00000000ecc00000, 0x0000000100000000)
  eden space 25600K, 100% used [0x00000000eab00000,0x00000000ec400000,0x00000000ec400000)
  from space 4096K, 99% used [0x00000000ec400000,0x00000000ec7fc4a8,0x00000000ec800000)
  to   space 4096K, 0% used [0x00000000ec800000,0x00000000ec800000,0x00000000ecc00000)
 ParOldGen       total 68608K, used 5824K [0x00000000c0000000, 0x00000000c4300000, 0x00000000eab00000)
  object space 68608K, 8% used [0x00000000c0000000,0x00000000c05b01a8,0x00000000c4300000)
 Metaspace       used 12434K, committed 12800K, reserved 1114112K
  class space    used 1231K, committed 1408K, reserved 1048576K
}
Event: 8.168 GC heap after
{Heap after GC invocations=4 (full 0):
 PSYoungGen      total 29696K, used 4086K [0x00000000eab00000, 0x00000000ecc00000, 0x0000000100000000)
  eden space 25600K, 0% used [0x00000000eab00000,0x00000000eab00000,0x00000000ec400000)
  from space 4096K, 99% used [0x00000000ec800000,0x00000000ecbfd920,0x00000000ecc00000)
  to   space 4096K, 0% used [0x00000000ec400000,0x00000000ec400000,0x00000000ec800000)
 ParOldGen       total 68608K, used 6735K [0x00000000c0000000, 0x00000000c4300000, 0x00000000eab00000)
  object space 68608K, 9% used [0x00000000c0000000,0x00000000c0693dd8,0x00000000c4300000)
 Metaspace       used 12434K, committed 12800K, reserved 1114112K
  class space    used 1231K, committed 1408K, reserved 1048576K
}
Event: 10.155 GC heap before
{Heap before GC invocations=5 (full 0):
 PSYoungGen      total 29696K, used 29686K [0x00000000eab00000, 0x00000000ecc00000, 0x0000000100000000)
  eden space 25600K, 100% used [0x00000000eab00000,0x00000000ec400000,0x00000000ec400000)
  from space 4096K, 99% used [0x00000000ec800000,0x00000000ecbfd920,0x00000000ecc00000)
  to   space 4096K, 0% used [0x00000000ec400000,0x00000000ec400000,0x00000000ec800000)
 ParOldGen       total 68608K, used 6735K [0x00000000c0000000, 0x00000000c4300000, 0x00000000eab00000)
  object space 68608K, 9% used [0x00000000c0000000,0x00000000c0693dd8,0x00000000c4300000)
 Metaspace       used 16355K, committed 17024K, reserved 1114112K
  class space    used 1616K, committed 1856K, reserved 1048576K
}
Event: 10.167 GC heap after
{Heap after GC invocations=5 (full 0):
 PSYoungGen      total 29184K, used 4087K [0x00000000eab00000, 0x00000000ecf80000, 0x0000000100000000)
  eden space 25088K, 0% used [0x00000000eab00000,0x00000000eab00000,0x00000000ec380000)
  from space 4096K, 99% used [0x00000000ec400000,0x00000000ec7fdef8,0x00000000ec800000)
  to   space 6144K, 0% used [0x00000000ec980000,0x00000000ec980000,0x00000000ecf80000)
 ParOldGen       total 68608K, used 8163K [0x00000000c0000000, 0x00000000c4300000, 0x00000000eab00000)
  object space 68608K, 11% used [0x00000000c0000000,0x00000000c07f8dc0,0x00000000c4300000)
 Metaspace       used 16355K, committed 17024K, reserved 1114112K
  class space    used 1616K, committed 1856K, reserved 1048576K
}
Event: 13.579 GC heap before
{Heap before GC invocations=6 (full 0):
 PSYoungGen      total 29184K, used 29175K [0x00000000eab00000, 0x00000000ecf80000, 0x0000000100000000)
  eden space 25088K, 100% used [0x00000000eab00000,0x00000000ec380000,0x00000000ec380000)
  from space 4096K, 99% used [0x00000000ec400000,0x00000000ec7fdef8,0x00000000ec800000)
  to   space 6144K, 0% used [0x00000000ec980000,0x00000000ec980000,0x00000000ecf80000)
 ParOldGen       total 68608K, used 8163K [0x00000000c0000000, 0x00000000c4300000, 0x00000000eab00000)
  object space 68608K, 11% used [0x00000000c0000000,0x00000000c07f8dc0,0x00000000c4300000)
 Metaspace       used 18886K, committed 19648K, reserved 1114112K
  class space    used 1895K, committed 2240K, reserved 1048576K
}
Event: 13.584 GC heap after
{Heap after GC invocations=6 (full 0):
 PSYoungGen      total 29184K, used 4255K [0x00000000eab00000, 0x00000000ece00000, 0x0000000100000000)
  eden space 24576K, 0% used [0x00000000eab00000,0x00000000eab00000,0x00000000ec300000)
  from space 4608K, 92% used [0x00000000ec980000,0x00000000ecda7c38,0x00000000ece00000)
  to   space 5120K, 0% used [0x00000000ec400000,0x00000000ec400000,0x00000000ec900000)
 ParOldGen       total 68608K, used 8171K [0x00000000c0000000, 0x00000000c4300000, 0x00000000eab00000)
  object space 68608K, 11% used [0x00000000c0000000,0x00000000c07fadc0,0x00000000c4300000)
 Metaspace       used 18886K, committed 19648K, reserved 1114112K
  class space    used 1895K, committed 2240K, reserved 1048576K
}
Event: 14.188 GC heap before
{Heap before GC invocations=7 (full 0):
 PSYoungGen      total 29184K, used 18598K [0x00000000eab00000, 0x00000000ece00000, 0x0000000100000000)
  eden space 24576K, 58% used [0x00000000eab00000,0x00000000eb901dc8,0x00000000ec300000)
  from space 4608K, 92% used [0x00000000ec980000,0x00000000ecda7c38,0x00000000ece00000)
  to   space 5120K, 0% used [0x00000000ec400000,0x00000000ec400000,0x00000000ec900000)
 ParOldGen       total 68608K, used 8171K [0x00000000c0000000, 0x00000000c4300000, 0x00000000eab00000)
  object space 68608K, 11% used [0x00000000c0000000,0x00000000c07fadc0,0x00000000c4300000)
 Metaspace       used 20619K, committed 21504K, reserved 1114112K
  class space    used 2108K, committed 2496K, reserved 1048576K
}
Event: 14.199 GC heap after
{Heap after GC invocations=7 (full 0):
 PSYoungGen      total 29184K, used 4383K [0x00000000eab00000, 0x00000000ecc00000, 0x0000000100000000)
  eden space 24576K, 0% used [0x00000000eab00000,0x00000000eab00000,0x00000000ec300000)
  from space 4608K, 95% used [0x00000000ec400000,0x00000000ec847ee8,0x00000000ec880000)
  to   space 3584K, 0% used [0x00000000ec880000,0x00000000ec880000,0x00000000ecc00000)
 ParOldGen       total 68608K, used 9313K [0x00000000c0000000, 0x00000000c4300000, 0x00000000eab00000)
  object space 68608K, 13% used [0x00000000c0000000,0x00000000c09185e8,0x00000000c4300000)
 Metaspace       used 20619K, committed 21504K, reserved 1114112K
  class space    used 2108K, committed 2496K, reserved 1048576K
}
Event: 14.199 GC heap before
{Heap before GC invocations=8 (full 1):
 PSYoungGen      total 29184K, used 4383K [0x00000000eab00000, 0x00000000ecc00000, 0x0000000100000000)
  eden space 24576K, 0% used [0x00000000eab00000,0x00000000eab00000,0x00000000ec300000)
  from space 4608K, 95% used [0x00000000ec400000,0x00000000ec847ee8,0x00000000ec880000)
  to   space 3584K, 0% used [0x00000000ec880000,0x00000000ec880000,0x00000000ecc00000)
 ParOldGen       total 68608K, used 9313K [0x00000000c0000000, 0x00000000c4300000, 0x00000000eab00000)
  object space 68608K, 13% used [0x00000000c0000000,0x00000000c09185e8,0x00000000c4300000)
 Metaspace       used 20619K, committed 21504K, reserved 1114112K
  class space    used 2108K, committed 2496K, reserved 1048576K
}
Event: 14.259 GC heap after
{Heap after GC invocations=8 (full 1):
 PSYoungGen      total 29184K, used 0K [0x00000000eab00000, 0x00000000ecc00000, 0x0000000100000000)
  eden space 24576K, 0% used [0x00000000eab00000,0x00000000eab00000,0x00000000ec300000)
  from space 4608K, 0% used [0x00000000ec400000,0x00000000ec400000,0x00000000ec880000)
  to   space 3584K, 0% used [0x00000000ec880000,0x00000000ec880000,0x00000000ecc00000)
 ParOldGen       total 68608K, used 12838K [0x00000000c0000000, 0x00000000c4300000, 0x00000000eab00000)
  object space 68608K, 18% used [0x00000000c0000000,0x00000000c0c89b88,0x00000000c4300000)
 Metaspace       used 20606K, committed 21504K, reserved 1114112K
  class space    used 2105K, committed 2496K, reserved 1048576K
}
Event: 14.757 GC heap before
{Heap before GC invocations=9 (full 1):
 PSYoungGen      total 29184K, used 24515K [0x00000000eab00000, 0x00000000ecc00000, 0x0000000100000000)
  eden space 24576K, 99% used [0x00000000eab00000,0x00000000ec2f0f90,0x00000000ec300000)
  from space 4608K, 0% used [0x00000000ec400000,0x00000000ec400000,0x00000000ec880000)
  to   space 3584K, 0% used [0x00000000ec880000,0x00000000ec880000,0x00000000ecc00000)
 ParOldGen       total 68608K, used 12838K [0x00000000c0000000, 0x00000000c4300000, 0x00000000eab00000)
  object space 68608K, 18% used [0x00000000c0000000,0x00000000c0c89b88,0x00000000c4300000)
 Metaspace       used 22757K, committed 23680K, reserved 1114112K
  class space    used 2274K, committed 2624K, reserved 1048576K
}
Event: 14.759 GC heap after
{Heap after GC invocations=9 (full 1):
 PSYoungGen      total 25600K, used 1067K [0x00000000eab00000, 0x00000000eca00000, 0x0000000100000000)
  eden space 24064K, 0% used [0x00000000eab00000,0x00000000eab00000,0x00000000ec280000)
  from space 1536K, 69% used [0x00000000ec880000,0x00000000ec98ac30,0x00000000eca00000)
  to   space 2560K, 0% used [0x00000000ec500000,0x00000000ec500000,0x00000000ec780000)
 ParOldGen       total 68608K, used 12846K [0x00000000c0000000, 0x00000000c4300000, 0x00000000eab00000)
  object space 68608K, 18% used [0x00000000c0000000,0x00000000c0c8bb88,0x00000000c4300000)
 Metaspace       used 22757K, committed 23680K, reserved 1114112K
  class space    used 2274K, committed 2624K, reserved 1048576K
}
Event: 15.256 GC heap before
{Heap before GC invocations=10 (full 1):
 PSYoungGen      total 25600K, used 25131K [0x00000000eab00000, 0x00000000eca00000, 0x0000000100000000)
  eden space 24064K, 100% used [0x00000000eab00000,0x00000000ec280000,0x00000000ec280000)
  from space 1536K, 69% used [0x00000000ec880000,0x00000000ec98ac30,0x00000000eca00000)
  to   space 2560K, 0% used [0x00000000ec500000,0x00000000ec500000,0x00000000ec780000)
 ParOldGen       total 68608K, used 12846K [0x00000000c0000000, 0x00000000c4300000, 0x00000000eab00000)
  object space 68608K, 18% used [0x00000000c0000000,0x00000000c0c8bb88,0x00000000c4300000)
 Metaspace       used 26472K, committed 27456K, reserved 1114112K
  class space    used 2543K, committed 2944K, reserved 1048576K
}
Event: 15.258 GC heap after
{Heap after GC invocations=10 (full 1):
 PSYoungGen      total 26112K, used 1259K [0x00000000eab00000, 0x00000000ec900000, 0x0000000100000000)
  eden space 23552K, 0% used [0x00000000eab00000,0x00000000eab00000,0x00000000ec200000)
  from space 2560K, 49% used [0x00000000ec500000,0x00000000ec63ac30,0x00000000ec780000)
  to   space 1536K, 0% used [0x00000000ec780000,0x00000000ec780000,0x00000000ec900000)
 ParOldGen       total 68608K, used 12846K [0x00000000c0000000, 0x00000000c4300000, 0x00000000eab00000)
  object space 68608K, 18% used [0x00000000c0000000,0x00000000c0c8bb88,0x00000000c4300000)
 Metaspace       used 26472K, committed 27456K, reserved 1114112K
  class space    used 2543K, committed 2944K, reserved 1048576K
}
Event: 15.590 GC heap before
{Heap before GC invocations=11 (full 1):
 PSYoungGen      total 26112K, used 24811K [0x00000000eab00000, 0x00000000ec900000, 0x0000000100000000)
  eden space 23552K, 100% used [0x00000000eab00000,0x00000000ec200000,0x00000000ec200000)
  from space 2560K, 49% used [0x00000000ec500000,0x00000000ec63ac30,0x00000000ec780000)
  to   space 1536K, 0% used [0x00000000ec780000,0x00000000ec780000,0x00000000ec900000)
 ParOldGen       total 68608K, used 12846K [0x00000000c0000000, 0x00000000c4300000, 0x00000000eab00000)
  object space 68608K, 18% used [0x00000000c0000000,0x00000000c0c8bb88,0x00000000c4300000)
 Metaspace       used 27820K, committed 28864K, reserved 1114112K
  class space    used 2670K, committed 3136K, reserved 1048576K
}
Event: 15.594 GC heap after
{Heap after GC invocations=11 (full 1):
 PSYoungGen      total 24064K, used 868K [0x00000000eab00000, 0x00000000ec880000, 0x0000000100000000)
  eden space 23040K, 0% used [0x00000000eab00000,0x00000000eab00000,0x00000000ec180000)
  from space 1024K, 84% used [0x00000000ec780000,0x00000000ec859148,0x00000000ec880000)
  to   space 1536K, 0% used [0x00000000ec580000,0x00000000ec580000,0x00000000ec700000)
 ParOldGen       total 68608K, used 15319K [0x00000000c0000000, 0x00000000c4300000, 0x00000000eab00000)
  object space 68608K, 22% used [0x00000000c0000000,0x00000000c0ef5cc0,0x00000000c4300000)
 Metaspace       used 27820K, committed 28864K, reserved 1114112K
  class space    used 2670K, committed 3136K, reserved 1048576K
}
Event: 16.118 GC heap before
{Heap before GC invocations=12 (full 1):
 PSYoungGen      total 24064K, used 23908K [0x00000000eab00000, 0x00000000ec880000, 0x0000000100000000)
  eden space 23040K, 100% used [0x00000000eab00000,0x00000000ec180000,0x00000000ec180000)
  from space 1024K, 84% used [0x00000000ec780000,0x00000000ec859148,0x00000000ec880000)
  to   space 1536K, 0% used [0x00000000ec580000,0x00000000ec580000,0x00000000ec700000)
 ParOldGen       total 68608K, used 15319K [0x00000000c0000000, 0x00000000c4300000, 0x00000000eab00000)
  object space 68608K, 22% used [0x00000000c0000000,0x00000000c0ef5cc0,0x00000000c4300000)
 Metaspace       used 31463K, committed 32512K, reserved 1114112K
  class space    used 3093K, committed 3520K, reserved 1048576K
}
Event: 16.122 GC heap after
{Heap after GC invocations=12 (full 1):
 PSYoungGen      total 24064K, used 1518K [0x00000000eab00000, 0x00000000ec800000, 0x0000000100000000)
  eden space 22528K, 0% used [0x00000000eab00000,0x00000000eab00000,0x00000000ec100000)
  from space 1536K, 98% used [0x00000000ec580000,0x00000000ec6fba40,0x00000000ec700000)
  to   space 1024K, 0% used [0x00000000ec700000,0x00000000ec700000,0x00000000ec800000)
 ParOldGen       total 68608K, used 16015K [0x00000000c0000000, 0x00000000c4300000, 0x00000000eab00000)
  object space 68608K, 23% used [0x00000000c0000000,0x00000000c0fa3da8,0x00000000c4300000)
 Metaspace       used 31463K, committed 32512K, reserved 1114112K
  class space    used 3093K, committed 3520K, reserved 1048576K
}

