# JRE version: Java(TM) SE Runtime Environment (21.0+35) (build 21+35-LTS-2513)
# Java VM: Java HotSpot(TM) 64-Bit Server VM (21+35-LTS-2513, mixed mode, sharing, tiered, compressed oops, compressed class ptrs, g1 gc, windows-amd64)
GC Precious Log:
 CardTable entry size: 512
 Card Set container configuration: InlinePtr #cards 5 size 8 Array Of Cards #cards 12 size 40 Howl #buckets 4 coarsen threshold 1843 Howl Bitmap #cards 512 size 80 coarsen threshold 460 Card regions per heap region 1 cards per card region 2048
 CPUs: 8 total, 8 available
 Memory: 7549M
 Large Page Support: Disabled
 NUMA Support: Disabled
 Compressed Oops: Enabled (32-bit)
 Heap Region Size: 1M
 Heap Min Capacity: 8M
 Heap Initial Capacity: 118M
 Heap Max Capacity: 1888M
 Pre-touch: Disabled
 Parallel Workers: 8
 Concurrent Workers: 2
 Concurrent Refinement Workers: 8
 Periodic GC: Disabled
Heap:
 garbage-first heap   total 146432K, used 133524K [0x000000008a000000, 0x0000000100000000)
  region size 1024K, 51 young (52224K), 6 survivors (6144K)
 Metaspace       used 44072K, committed 44608K, reserved 1114112K
  class space    used 5011K, committed 5248K, reserved 1048576K
GC Heap History (20 events):
Event: 1.349 GC heap before
{Heap before GC invocations=0 (full 0):
 garbage-first heap   total 120832K, used 22528K [0x000000008a000000, 0x0000000100000000)
  region size 1024K, 23 young (23552K), 0 survivors (0K)
 Metaspace       used 5696K, committed 5888K, reserved 1114112K
  class space    used 668K, committed 768K, reserved 1048576K
}
Event: 1.364 GC heap after
{Heap after GC invocations=1 (full 0):
 garbage-first heap   total 120832K, used 3747K [0x000000008a000000, 0x0000000100000000)
  region size 1024K, 3 young (3072K), 3 survivors (3072K)
 Metaspace       used 5696K, committed 5888K, reserved 1114112K
  class space    used 668K, committed 768K, reserved 1048576K
}
Event: 2.774 GC heap before
{Heap before GC invocations=1 (full 0):
 garbage-first heap   total 120832K, used 34467K [0x000000008a000000, 0x0000000100000000)
  region size 1024K, 33 young (33792K), 3 survivors (3072K)
 Metaspace       used 9948K, committed 10112K, reserved 1114112K
  class space    used 1187K, committed 1280K, reserved 1048576K
}
Event: 2.785 GC heap after
{Heap after GC invocations=2 (full 0):
 garbage-first heap   total 120832K, used 5693K [0x000000008a000000, 0x0000000100000000)
  region size 1024K, 2 young (2048K), 2 survivors (2048K)
 Metaspace       used 9948K, committed 10112K, reserved 1114112K
  class space    used 1187K, committed 1280K, reserved 1048576K
}
Event: 6.642 GC heap before
{Heap before GC invocations=2 (full 0):
 garbage-first heap   total 120832K, used 75325K [0x000000008a000000, 0x0000000100000000)
  region size 1024K, 70 young (71680K), 2 survivors (2048K)
 Metaspace       used 16033K, committed 16256K, reserved 1114112K
  class space    used 1875K, committed 1984K, reserved 1048576K
}
Event: 6.670 GC heap after
{Heap after GC invocations=3 (full 0):
 garbage-first heap   total 120832K, used 13074K [0x000000008a000000, 0x0000000100000000)
  region size 1024K, 9 young (9216K), 9 survivors (9216K)
 Metaspace       used 16033K, committed 16256K, reserved 1114112K
  class space    used 1875K, committed 1984K, reserved 1048576K
}
Event: 9.281 GC heap before
{Heap before GC invocations=3 (full 0):
 garbage-first heap   total 120832K, used 76562K [0x000000008a000000, 0x0000000100000000)
  region size 1024K, 70 young (71680K), 9 survivors (9216K)
 Metaspace       used 20050K, committed 20416K, reserved 1114112K
  class space    used 2279K, committed 2432K, reserved 1048576K
}
Event: 9.312 GC heap after
{Heap after GC invocations=4 (full 0):
 garbage-first heap   total 120832K, used 15872K [0x000000008a000000, 0x0000000100000000)
  region size 1024K, 4 young (4096K), 4 survivors (4096K)
 Metaspace       used 20050K, committed 20416K, reserved 1114112K
  class space    used 2279K, committed 2432K, reserved 1048576K
}
Event: 10.242 GC heap before
{Heap before GC invocations=4 (full 0):
 garbage-first heap   total 120832K, used 35328K [0x000000008a000000, 0x0000000100000000)
  region size 1024K, 18 young (18432K), 4 survivors (4096K)
 Metaspace       used 21223K, committed 21504K, reserved 1114112K
  class space    used 2454K, committed 2560K, reserved 1048576K
}
Event: 10.257 GC heap after
{Heap after GC invocations=5 (full 0):
 garbage-first heap   total 120832K, used 26624K [0x000000008a000000, 0x0000000100000000)
  region size 1024K, 8 young (8192K), 8 survivors (8192K)
 Metaspace       used 21223K, committed 21504K, reserved 1114112K
  class space    used 2454K, committed 2560K, reserved 1048576K
}
Event: 13.266 GC heap before
{Heap before GC invocations=6 (full 0):
 garbage-first heap   total 92160K, used 91136K [0x000000008a000000, 0x0000000100000000)
  region size 1024K, 70 young (71680K), 8 survivors (8192K)
 Metaspace       used 28105K, committed 28480K, reserved 1114112K
  class space    used 3178K, committed 3328K, reserved 1048576K
}
Event: 13.308 GC heap after
{Heap after GC invocations=7 (full 0):
 garbage-first heap   total 114688K, used 39424K [0x000000008a000000, 0x0000000100000000)
  region size 1024K, 9 young (9216K), 9 survivors (9216K)
 Metaspace       used 28105K, committed 28480K, reserved 1114112K
  class space    used 3178K, committed 3328K, reserved 1048576K
}
Event: 15.264 GC heap before
{Heap before GC invocations=7 (full 0):
 garbage-first heap   total 114688K, used 92672K [0x000000008a000000, 0x0000000100000000)
  region size 1024K, 61 young (62464K), 9 survivors (9216K)
 Metaspace       used 30758K, committed 31232K, reserved 1114112K
  class space    used 3481K, committed 3712K, reserved 1048576K
}
Event: 15.288 GC heap after
{Heap after GC invocations=8 (full 0):
 garbage-first heap   total 114688K, used 41984K [0x000000008a000000, 0x0000000100000000)
  region size 1024K, 2 young (2048K), 2 survivors (2048K)
 Metaspace       used 30758K, committed 31232K, reserved 1114112K
  class space    used 3481K, committed 3712K, reserved 1048576K
}
Event: 17.601 GC heap before
{Heap before GC invocations=8 (full 0):
 garbage-first heap   total 114688K, used 103424K [0x000000008a000000, 0x0000000100000000)
  region size 1024K, 55 young (56320K), 2 survivors (2048K)
 Metaspace       used 31805K, committed 32320K, reserved 1114112K
  class space    used 3600K, committed 3840K, reserved 1048576K
}
Event: 17.628 GC heap after
{Heap after GC invocations=9 (full 0):
 garbage-first heap   total 146432K, used 63488K [0x000000008a000000, 0x0000000100000000)
  region size 1024K, 7 young (7168K), 7 survivors (7168K)
 Metaspace       used 31805K, committed 32320K, reserved 1114112K
  class space    used 3600K, committed 3840K, reserved 1048576K
}
Event: 19.608 GC heap before
{Heap before GC invocations=9 (full 0):
 garbage-first heap   total 146432K, used 115712K [0x000000008a000000, 0x0000000100000000)
  region size 1024K, 59 young (60416K), 7 survivors (7168K)
 Metaspace       used 33106K, committed 33600K, reserved 1114112K
  class space    used 3739K, committed 3968K, reserved 1048576K
}
Event: 19.619 GC heap after
{Heap after GC invocations=10 (full 0):
 garbage-first heap   total 146432K, used 62286K [0x000000008a000000, 0x0000000100000000)
  region size 1024K, 3 young (3072K), 3 survivors (3072K)
 Metaspace       used 33106K, committed 33600K, reserved 1114112K
  class space    used 3739K, committed 3968K, reserved 1048576K
}
Event: 20.498 GC heap before
{Heap before GC invocations=10 (full 0):
 garbage-first heap   total 146432K, used 76622K [0x000000008a000000, 0x0000000100000000)
  region size 1024K, 19 young (19456K), 3 survivors (3072K)
 Metaspace       used 36824K, committed 37376K, reserved 1114112K
  class space    used 4176K, committed 4416K, reserved 1048576K
}
Event: 20.507 GC heap after
{Heap after GC invocations=11 (full 0):
 garbage-first heap   total 146432K, used 64916K [0x000000008a000000, 0x0000000100000000)
  region size 1024K, 6 young (6144K), 6 survivors (6144K)
 Metaspace       used 36824K, committed 37376K, reserved 1114112K
  class space    used 4176K, committed 4416K, reserved 1048576K
}

